<?xml version="1.0" encoding="UTF-8"?>
<!-- Generated by org.testng.reporters.JUnitXMLReporter -->
<testsuite hostname="DESKTOP-OH56QJU" ignored="4" name="Test" tests="4" failures="3" timestamp="2023-02-17T13:08:42 IST" time="40.839" errors="0">
  <testcase name="@AfterMethod result" time="0.169" classname="com.OrangeHRM.base.BaseClass">
    <failure type="java.lang.NullPointerException">
      <![CDATA[java.lang.NullPointerException
at com.OrangeHRM.base.BaseClass.result(BaseClass.java:82)
at java.util.concurrent.ThreadPoolExecutor.runWorker(ThreadPoolExecutor.java:1149)
at java.util.concurrent.ThreadPoolExecutor$Worker.run(ThreadPoolExecutor.java:624)
at java.lang.Thread.run(Thread.java:748)
... Removed 17 stack frames]]>
    </failure>
  </testcase> <!-- @AfterMethod result -->
  <testcase name="@AfterMethod result" time="0.0" classname="com.OrangeHRM.base.BaseClass">
    <failure type="java.lang.NullPointerException">
      <![CDATA[java.lang.NullPointerException
at com.OrangeHRM.base.BaseClass.result(BaseClass.java:82)
at java.util.concurrent.ThreadPoolExecutor.runWorker(ThreadPoolExecutor.java:1149)
at java.util.concurrent.ThreadPoolExecutor$Worker.run(ThreadPoolExecutor.java:624)
at java.lang.Thread.run(Thread.java:748)
... Removed 17 stack frames]]>
    </failure>
  </testcase> <!-- @AfterMethod result -->
  <testcase name="adminTabTest on [HomePageTest passed=0 failed=0 skipped=0]" time="0.078" classname="com.OrangeHRM.testcases.HomePageTest">
    <failure type="java.lang.NullPointerException">
      <![CDATA[java.lang.NullPointerException
at com.OrangeHRM.testcases.HomePageTest.adminTabTest(HomePageTest.java:19)
at java.util.concurrent.ThreadPoolExecutor.runWorker(ThreadPoolExecutor.java:1149)
at java.util.concurrent.ThreadPoolExecutor$Worker.run(ThreadPoolExecutor.java:624)
at java.lang.Thread.run(Thread.java:748)
... Removed 12 stack frames]]>
    </failure>
  </testcase> <!-- adminTabTest on [HomePageTest passed=0 failed=0 skipped=0] -->
  <testcase name="validatenationalities on [SystemUserPageTest passed=0 failed=0 skipped=0]" time="0.005" classname="com.OrangeHRM.testcases.SystemUserPageTest">
    <failure type="java.lang.NullPointerException">
      <![CDATA[java.lang.NullPointerException
at com.OrangeHRM.testcases.SystemUserPageTest.validatenationalities(SystemUserPageTest.java:21)
at java.util.concurrent.ThreadPoolExecutor.runWorker(ThreadPoolExecutor.java:1149)
at java.util.concurrent.ThreadPoolExecutor$Worker.run(ThreadPoolExecutor.java:624)
at java.lang.Thread.run(Thread.java:748)
... Removed 12 stack frames]]>
    </failure>
  </testcase> <!-- validatenationalities on [SystemUserPageTest passed=0 failed=0 skipped=0] -->
  <testcase name="verifyLogo on [LoginPageTest passed=0 failed=0 skipped=0]" time="0.125" classname="com.OrangeHRM.testcases.LoginPageTest">
    <failure type="java.lang.AssertionError" message="expected [true] but found [false]">
      <![CDATA[java.lang.AssertionError: expected [true] but found [false]
at com.OrangeHRM.testcases.LoginPageTest.verifyLogo(LoginPageTest.java:19)
at java.util.concurrent.ThreadPoolExecutor.runWorker(ThreadPoolExecutor.java:1149)
at java.util.concurrent.ThreadPoolExecutor$Worker.run(ThreadPoolExecutor.java:624)
at java.lang.Thread.run(Thread.java:748)
... Removed 16 stack frames]]>
    </failure>
  </testcase> <!-- verifyLogo on [LoginPageTest passed=0 failed=0 skipped=0] -->
  <testcase name="loginTest on [LoginPageTest passed=0 failed=0 skipped=0]" time="9.223" classname="com.OrangeHRM.testcases.LoginPageTest"/>
  <testcase name="@AfterTest endReport" time="0.0" classname="com.OrangeHRM.base.BaseClass">
    <ignored/>
  </testcase> <!-- @AfterTest endReport -->
  <testcase name="@AfterTest endReport" time="0.0" classname="com.OrangeHRM.base.BaseClass">
    <ignored/>
  </testcase> <!-- @AfterTest endReport -->
  <testcase name="@BeforeTest setExtent" time="0.0" classname="com.OrangeHRM.base.BaseClass">
    <ignored/>
  </testcase> <!-- @BeforeTest setExtent -->
  <testcase name="@BeforeTest setExtent" time="0.0" classname="com.OrangeHRM.base.BaseClass">
    <ignored/>
  </testcase> <!-- @BeforeTest setExtent -->
</testsuite> <!-- Test -->
